# JRE version: Java(TM) SE Runtime Environment (8.0_152-b16) (build 1.8.0_152-b16)
# Java VM: Java HotSpot(TM) 64-Bit Server VM (25.152-b16 mixed mode windows-amd64 compressed oops)
Heap:
 PSYoungGen      total 323072K, used 77576K [0x000000076b180000, 0x0000000782f80000, 0x00000007c0000000)
  eden space 312832K, 21% used [0x000000076b180000,0x000000076f34d4f0,0x000000077e300000)
  from space 10240K, 99% used [0x0000000782580000,0x0000000782f74c68,0x0000000782f80000)
  to   space 20992K, 0% used [0x0000000780680000,0x0000000780680000,0x0000000781b00000)
 ParOldGen       total 171008K, used 28964K [0x00000006c1400000, 0x00000006cbb00000, 0x000000076b180000)
  object space 171008K, 16% used [0x00000006c1400000,0x00000006c3049080,0x00000006cbb00000)
 Metaspace       used 48504K, capacity 51536K, committed 51712K, reserved 1093632K
  class space    used 6815K, capacity 7412K, committed 7424K, reserved 1048576K
GC Heap History (10 events):
Event: 4.977 GC heap before
{Heap before GC invocations=9 (full 2):
 PSYoungGen      total 274944K, used 258560K [0x000000076b180000, 0x000000077eb80000, 0x00000007c0000000)
  eden space 258560K, 100% used [0x000000076b180000,0x000000077ae00000,0x000000077ae00000)
  from space 16384K, 0% used [0x000000077db80000,0x000000077db80000,0x000000077eb80000)
  to   space 10752K, 0% used [0x000000077ae00000,0x000000077ae00000,0x000000077b880000)
 ParOldGen       total 171008K, used 21060K [0x00000006c1400000, 0x00000006cbb00000, 0x000000076b180000)
  object space 171008K, 12% used [0x00000006c1400000,0x00000006c28910c0,0x00000006cbb00000)
 Metaspace       used 38186K, capacity 40382K, committed 40576K, reserved 1083392K
  class space    used 5260K, capacity 5665K, committed 5760K, reserved 1048576K
Event: 4.983 GC heap after
Heap after GC invocations=9 (full 2):
 PSYoungGen      total 269312K, used 10749K [0x000000076b180000, 0x000000077eb80000, 0x00000007c0000000)
  eden space 258560K, 0% used [0x000000076b180000,0x000000076b180000,0x000000077ae00000)
  from space 10752K, 99% used [0x000000077ae00000,0x000000077b87f470,0x000000077b880000)
  to   space 16384K, 0% used [0x000000077db80000,0x000000077db80000,0x000000077eb80000)
 ParOldGen       total 171008K, used 22910K [0x00000006c1400000, 0x00000006cbb00000, 0x000000076b180000)
  object space 171008K, 13% used [0x00000006c1400000,0x00000006c2a5f878,0x00000006cbb00000)
 Metaspace       used 38186K, capacity 40382K, committed 40576K, reserved 1083392K
  class space    used 5260K, capacity 5665K, committed 5760K, reserved 1048576K
}
Event: 7.070 GC heap before
{Heap before GC invocations=10 (full 2):
 PSYoungGen      total 269312K, used 269309K [0x000000076b180000, 0x000000077eb80000, 0x00000007c0000000)
  eden space 258560K, 100% used [0x000000076b180000,0x000000077ae00000,0x000000077ae00000)
  from space 10752K, 99% used [0x000000077ae00000,0x000000077b87f470,0x000000077b880000)
  to   space 16384K, 0% used [0x000000077db80000,0x000000077db80000,0x000000077eb80000)
 ParOldGen       total 171008K, used 22910K [0x00000006c1400000, 0x00000006cbb00000, 0x000000076b180000)
  object space 171008K, 13% used [0x00000006c1400000,0x00000006c2a5f878,0x00000006cbb00000)
 Metaspace       used 46817K, capacity 49504K, committed 49920K, reserved 1091584K
  class space    used 6547K, capacity 7063K, committed 7168K, reserved 1048576K
Event: 7.081 GC heap after
Heap after GC invocations=10 (full 2):
 PSYoungGen      total 274944K, used 16382K [0x000000076b180000, 0x000000077eb80000, 0x00000007c0000000)
  eden space 258560K, 0% used [0x000000076b180000,0x000000076b180000,0x000000077ae00000)
  from space 16384K, 99% used [0x000000077db80000,0x000000077eb7f820,0x000000077eb80000)
  to   space 10752K, 0% used [0x000000077ae00000,0x000000077ae00000,0x000000077b880000)
 ParOldGen       total 171008K, used 28390K [0x00000006c1400000, 0x00000006cbb00000, 0x000000076b180000)
  object space 171008K, 16% used [0x00000006c1400000,0x00000006c2fb9ab0,0x00000006cbb00000)
 Metaspace       used 46817K, capacity 49504K, committed 49920K, reserved 1091584K
  class space    used 6547K, capacity 7063K, committed 7168K, reserved 1048576K
}
Event: 1121.969 GC heap before
{Heap before GC invocations=11 (full 2):
 PSYoungGen      total 274944K, used 130184K [0x000000076b180000, 0x000000077eb80000, 0x00000007c0000000)
  eden space 258560K, 44% used [0x000000076b180000,0x00000007720a29f8,0x000000077ae00000)
  from space 16384K, 99% used [0x000000077db80000,0x000000077eb7f820,0x000000077eb80000)
  to   space 10752K, 0% used [0x000000077ae00000,0x000000077ae00000,0x000000077b880000)
 ParOldGen       total 171008K, used 28390K [0x00000006c1400000, 0x00000006cbb00000, 0x000000076b180000)
  object space 171008K, 16% used [0x00000006c1400000,0x00000006c2fb9ab0,0x00000006cbb00000)
 Metaspace       used 48330K, capacity 51262K, committed 51456K, reserved 1093632K
  class space    used 6794K, capacity 7359K, committed 7424K, reserved 1048576K
Event: 1121.975 GC heap after
Heap after GC invocations=11 (full 2):
 PSYoungGen      total 269312K, used 10748K [0x000000076b180000, 0x0000000783a80000, 0x00000007c0000000)
  eden space 258560K, 0% used [0x000000076b180000,0x000000076b180000,0x000000077ae00000)
  from space 10752K, 99% used [0x000000077ae00000,0x000000077b87f228,0x000000077b880000)
  to   space 21504K, 0% used [0x0000000782580000,0x0000000782580000,0x0000000783a80000)
 ParOldGen       total 171008K, used 31467K [0x00000006c1400000, 0x00000006cbb00000, 0x000000076b180000)
  object space 171008K, 18% used [0x00000006c1400000,0x00000006c32bae98,0x00000006cbb00000)
 Metaspace       used 48330K, capacity 51262K, committed 51456K, reserved 1093632K
  class space    used 6794K, capacity 7359K, committed 7424K, reserved 1048576K
}
Event: 1121.975 GC heap before
{Heap before GC invocations=12 (full 3):
 PSYoungGen      total 269312K, used 10748K [0x000000076b180000, 0x0000000783a80000, 0x00000007c0000000)
  eden space 258560K, 0% used [0x000000076b180000,0x000000076b180000,0x000000077ae00000)
  from space 10752K, 99% used [0x000000077ae00000,0x000000077b87f228,0x000000077b880000)
  to   space 21504K, 0% used [0x0000000782580000,0x0000000782580000,0x0000000783a80000)
 ParOldGen       total 171008K, used 31467K [0x00000006c1400000, 0x00000006cbb00000, 0x000000076b180000)
  object space 171008K, 18% used [0x00000006c1400000,0x00000006c32bae98,0x00000006cbb00000)
 Metaspace       used 48330K, capacity 51262K, committed 51456K, reserved 1093632K
  class space    used 6794K, capacity 7359K, committed 7424K, reserved 1048576K
Event: 1122.063 GC heap after
Heap after GC invocations=12 (full 3):
 PSYoungGen      total 269312K, used 0K [0x000000076b180000, 0x0000000783a80000, 0x00000007c0000000)
  eden space 258560K, 0% used [0x000000076b180000,0x000000076b180000,0x000000077ae00000)
  from space 10752K, 0% used [0x000000077ae00000,0x000000077ae00000,0x000000077b880000)
  to   space 21504K, 0% used [0x0000000782580000,0x0000000782580000,0x0000000783a80000)
 ParOldGen       total 171008K, used 28956K [0x00000006c1400000, 0x00000006cbb00000, 0x000000076b180000)
  object space 171008K, 16% used [0x00000006c1400000,0x00000006c3047080,0x00000006cbb00000)
 Metaspace       used 48319K, capacity 51232K, committed 51456K, reserved 1093632K
  class space    used 6790K, capacity 7352K, committed 7424K, reserved 1048576K
}
Event: 1124.076 GC heap before
{Heap before GC invocations=13 (full 3):
 PSYoungGen      total 269312K, used 258560K [0x000000076b180000, 0x0000000783a80000, 0x00000007c0000000)
  eden space 258560K, 100% used [0x000000076b180000,0x000000077ae00000,0x000000077ae00000)
  from space 10752K, 0% used [0x000000077ae00000,0x000000077ae00000,0x000000077b880000)
  to   space 21504K, 0% used [0x0000000782580000,0x0000000782580000,0x0000000783a80000)
 ParOldGen       total 171008K, used 28956K [0x00000006c1400000, 0x00000006cbb00000, 0x000000076b180000)
  object space 171008K, 16% used [0x00000006c1400000,0x00000006c3047080,0x00000006cbb00000)
 Metaspace       used 48446K, capacity 51430K, committed 51456K, reserved 1093632K
  class space    used 6807K, capacity 7405K, committed 7424K, reserved 1048576K
Event: 1124.082 GC heap after
Heap after GC invocations=13 (full 3):
 PSYoungGen      total 323072K, used 10195K [0x000000076b180000, 0x0000000782f80000, 0x00000007c0000000)
  eden space 312832K, 0% used [0x000000076b180000,0x000000076b180000,0x000000077e300000)
  from space 10240K, 99% used [0x0000000782580000,0x0000000782f74c68,0x0000000782f80000)
  to   space 20992K, 0% used [0x0000000780680000,0x0000000780680000,0x0000000781b00000)
 ParOldGen       total 171008K, used 28964K [0x00000006c1400000, 0x00000006cbb00000, 0x000000076b180000)
  object space 171008K, 16% used [0x00000006c1400000,0x00000006c3049080,0x00000006cbb00000)
 Metaspace       used 48446K, capacity 51430K, committed 51456K, reserved 1093632K
  class space    used 6807K, capacity 7405K, committed 7424K, reserved 1048576K
}

